<?xml version="1.0" encoding="UTF-8"?>
<!-- Generated by org.testng.reporters.JUnitReportReporter -->
<testsuite hostname="DESKTOP-PQNJBGO" failures="0" tests="1" name="jenkin.NewTest" time="0.029" errors="0" timestamp="17 Jul 2021 05:18:19 GMT" skipped="0">
  <testcase classname="jenkin.NewTest" name="main" time="0.029"/>
</testsuite> <!-- jenkin.NewTest -->
